example/build/app/intermediates/manifest_merge_blame_file/debug/manifest-merger-blame-debug-report.txt
1<?xml version="1.0" encoding="utf-8"?>
2<manifest xmlns:android="http://schemas.android.com/apk/res/android"
3    package="com.king.iscflutterplugin_example"
4    android:versionCode="1"
5    android:versionName="1.0" >
6
7    <uses-sdk
8        android:minSdkVersion="20"
9        android:targetSdkVersion="31" />
10    <!--
11         Flutter needs it to communicate with the running application
12         to allow setting breakpoints, to provide hot reload, etc.
13    -->
14    <uses-permission android:name="android.permission.INTERNET" />
14-->src/debug/AndroidManifest.xml:6:5-66
14-->src/debug/AndroidManifest.xml:6:22-64
15    <!-- 允许程序写入录像文件和抓图 -->
16    <uses-permission android:name="android.permission.WRITE_EXTERNAL_STORAGE" /> <!-- 允许程序录制音频 -->
16-->[:iscflutterplugin] AndroidManifest.xml:8:5-81
16-->[:iscflutterplugin] AndroidManifest.xml:8:22-78
17    <uses-permission android:name="android.permission.READ_EXTERNAL_STORAGE" />
17-->[:iscflutterplugin] AndroidManifest.xml:9:5-80
17-->[:iscflutterplugin] AndroidManifest.xml:9:22-77
18    <uses-permission android:name="android.permission.RECORD_AUDIO" />
18-->[:iscflutterplugin] AndroidManifest.xml:10:5-71
18-->[:iscflutterplugin] AndroidManifest.xml:10:22-68
19    <!--
20 io.flutter.app.FlutterApplication is an android.app.Application that
21         calls FlutterMain.startInitialization(this); in its onCreate method.
22         In most cases you can leave this as-is, but you if you want to provide
23         additional functionality it is fine to subclass or reimplement
24         FlutterApplication and put your custom class here.
25    -->
26    <application
26-->src/main/AndroidManifest.xml:8:5-34:19
27        android:appComponentFactory="androidx.core.app.CoreComponentFactory"
27-->[androidx.core:core:1.6.0] AndroidManifest.xml:24:18-86
28        android:debuggable="true"
29        android:icon="@mipmap/ic_launcher"
29-->src/main/AndroidManifest.xml:9:9-43
30        android:label="iscflutterplugin_example" >
30-->src/main/AndroidManifest.xml:10:9-49
31        <activity
31-->src/main/AndroidManifest.xml:11:9-33:20
32            android:name="com.king.iscflutterplugin_example.MainActivity"
32-->src/main/AndroidManifest.xml:12:13-41
33            android:configChanges="orientation|keyboardHidden|keyboard|screenSize|smallestScreenSize|locale|layoutDirection|fontScale|screenLayout|density|uiMode"
33-->src/main/AndroidManifest.xml:13:13-163
34            android:hardwareAccelerated="true"
34-->src/main/AndroidManifest.xml:14:13-47
35            android:launchMode="singleTop"
35-->src/main/AndroidManifest.xml:15:13-43
36            android:theme="@style/LaunchTheme"
36-->src/main/AndroidManifest.xml:16:13-47
37            android:windowSoftInputMode="adjustResize" >
37-->src/main/AndroidManifest.xml:17:13-55
38
39            <!--
40                 This keeps the window background of the activity showing
41                 until Flutter renders its first frame. It can be removed if
42                 there is no splash screen (such as the default splash screen
43                 defined in @style/LaunchTheme).
44            -->
45            <meta-data
45-->src/main/AndroidManifest.xml:22:13-24:40
46                android:name="io.flutter.app.android.SplashScreenUntilFirstFrame"
46-->src/main/AndroidManifest.xml:23:17-82
47                android:value="true" />
47-->src/main/AndroidManifest.xml:24:17-37
48            <meta-data
48-->src/main/AndroidManifest.xml:25:13-27:37
49                android:name="flutterEmbedding"
49-->src/main/AndroidManifest.xml:26:17-48
50                android:value="2" />
50-->src/main/AndroidManifest.xml:27:17-34
51
52            <intent-filter>
52-->src/main/AndroidManifest.xml:29:13-32:29
53                <action android:name="android.intent.action.MAIN" />
53-->src/main/AndroidManifest.xml:30:17-69
53-->src/main/AndroidManifest.xml:30:25-66
54
55                <category android:name="android.intent.category.LAUNCHER" />
55-->src/main/AndroidManifest.xml:31:17-77
55-->src/main/AndroidManifest.xml:31:27-74
56            </intent-filter>
57        </activity>
58
59        <uses-library
59-->[androidx.window:window:1.0.0-beta04] AndroidManifest.xml:25:9-27:40
60            android:name="androidx.window.extensions"
60-->[androidx.window:window:1.0.0-beta04] AndroidManifest.xml:26:13-54
61            android:required="false" />
61-->[androidx.window:window:1.0.0-beta04] AndroidManifest.xml:27:13-37
62        <uses-library
62-->[androidx.window:window:1.0.0-beta04] AndroidManifest.xml:28:9-30:40
63            android:name="androidx.window.sidecar"
63-->[androidx.window:window:1.0.0-beta04] AndroidManifest.xml:29:13-51
64            android:required="false" />
64-->[androidx.window:window:1.0.0-beta04] AndroidManifest.xml:30:13-37
65    </application>
66
67</manifest>